1778233048024:help
1778233384385:buy --symbol AAPL --qty 10 --price 100.0
1778337059236:help
1778337063923:status
1778337082879:buy --symbol AAPL --qty 10 --price 100
1778338498358:help
1778338506819:buy AAPL 10 100
1778338906311:status
1778338910125:a
1778338924673:buy aapl 10 100
1778339079645:status
1778339336015:buy aapl 10 100
1778339471512:status
1778339474014:connect
1778406863900:status
1778408612514:portfolio
1778480410031:stuat
1778480412712:statuts
1778480414474:status
1778480423052:portfolio
1778480504646:connect
1778480521771:portfolio
1778480534989:buy aapl 10 100
1778480685996:status
1778480691595:portfolio
1778480696512:buy aapl 10 100
1778480840175:status
1778481012102:connect
1778481019129:portfolio
1778481039352:buy aapl 10 100
1778481105041:stacktrace
1778481943002:disconnect
1778482082274:portfolio
1778482274774:disconnect
1778482280361:portfolio
1778482282993:connect
1778482292646:status
1778482296304:connect
1778482304407:portfolio
1778482310986:status
1778482317462:portfolio
1778482358244:disconnect
1778482362021:status
1778482416194:connect
1778482419483:status
1778482572028:portfolio
1778482663918:disconnect
1778482680853:connect
1778482705521:portfolio
1778483297279:status
1778483300264:connect
1778483348223:status
1778483351722:portfolio
1778483368076:buy aapl 10 100
1778483515765:status
1778483519022:portfolio
1778483590880:buy aapl 10 100
1778483909167:connect
1778483929518:status
1778483934311:portfolio
1778484102796:disconnect
1778484104324:connect
1778484118812:portfolio
1778487235500:buy aapl 10 100
